2016-05-17 21:33:20,569 - ng_sat5_patch - INFO - Disabling notifications for host(s): ['kdctestguest99']
2016-05-17 21:33:20,569 - ng_sat5_patch - DEBUG - CMK set downtime message: ['COMMAND [1463535200] SCHEDULE_HOST_DOWNTIME;kdctestguest99;1463535200;1463564000;1;0;28800;automation;Patching\n', 'COMMAND [1463535200] SCHEDULE_HOST_SVC_DOWNTIME;kdctestguest99;1463535200;1463564000;1;0;28800;automation;Patching\n']
2016-05-17 21:33:20,581 - ng_sat5_patch - DEBUG - Sending CMK message ['COMMAND [1463535200] SCHEDULE_HOST_DOWNTIME;kdctestguest99;1463535200;1463564000;1;0;28800;automation;Patching\n', 'COMMAND [1463535200] SCHEDULE_HOST_SVC_DOWNTIME;kdctestguest99;1463535200;1463564000;1;0;28800;automation;Patching\n']
2016-05-17 21:33:20,581 - ng_sat5_patch - INFO - reading livestatus results
2016-05-17 21:33:24,620 - ng_sat5_patch - DEBUG - empty message returned from livestatus
2016-05-17 21:33:56,928 - ng_sat5_patch - INFO - Disabling notifications for host(s): ['kdctestguest99']
2016-05-17 21:33:56,928 - ng_sat5_patch - DEBUG - CMK set downtime message: ['COMMAND [1463535236] SCHEDULE_HOST_DOWNTIME;kdctestguest99;1463535236;1463564036;1;0;28800;automation;Patching\n', 'COMMAND [1463535236] SCHEDULE_HOST_SVC_DOWNTIME;kdctestguest99;1463535236;1463564036;1;0;28800;automation;Patching\n']
2016-05-17 21:33:56,941 - ng_sat5_patch - DEBUG - Sending CMK message ['COMMAND [1463535236] SCHEDULE_HOST_DOWNTIME;kdctestguest99;1463535236;1463564036;1;0;28800;automation;Patching\n', 'COMMAND [1463535236] SCHEDULE_HOST_SVC_DOWNTIME;kdctestguest99;1463535236;1463564036;1;0;28800;automation;Patching\n']
2016-05-17 21:33:56,942 - ng_sat5_patch - INFO - reading livestatus results
2016-05-17 21:34:00,968 - ng_sat5_patch - DEBUG - empty message returned from livestatus
2016-05-17 21:35:21,932 - ng_sat5_patch - INFO - Disabling notifications for host(s): ['kdctestguest99']
2016-05-17 21:35:21,933 - ng_sat5_patch - DEBUG - CMK set downtime message: ['COMMAND [1463535321] SCHEDULE_HOST_DOWNTIME;kdctestguest99;1463535321;1463564121;1;0;28800;automation;Patching\n', 'COMMAND [1463535321] SCHEDULE_HOST_SVC_DOWNTIME;kdctestguest99;1463535321;1463564121;1;0;28800;automation;Patching\n']
2016-05-17 21:35:21,946 - ng_sat5_patch - DEBUG - Sending CMK message ['COMMAND [1463535321] SCHEDULE_HOST_DOWNTIME;kdctestguest99;1463535321;1463564121;1;0;28800;automation;Patching\n', 'COMMAND [1463535321] SCHEDULE_HOST_SVC_DOWNTIME;kdctestguest99;1463535321;1463564121;1;0;28800;automation;Patching\n']
2016-05-17 21:35:21,946 - ng_sat5_patch - INFO - reading livestatus results
2016-05-17 21:35:25,967 - ng_sat5_patch - DEBUG - empty message returned from livestatus
2016-05-17 21:37:58,909 - ng_sat5_patch - INFO - Disabling notifications for host(s): ['kdctestguest99']
2016-05-17 21:37:58,909 - ng_sat5_patch - DEBUG - CMK set downtime message: ['COMMAND [1463535478] SCHEDULE_HOST_DOWNTIME;kdctestguest99;1463535478;1463564278;1;0;28800;automation;Patching\n', 'COMMAND [1463535478] SCHEDULE_HOST_SVC_DOWNTIME;kdctestguest99;1463535478;1463564278;1;0;28800;automation;Patching\n']
2016-05-17 21:37:58,922 - ng_sat5_patch - DEBUG - Sending CMK message ['COMMAND [1463535478] SCHEDULE_HOST_DOWNTIME;kdctestguest99;1463535478;1463564278;1;0;28800;automation;Patching\n', 'COMMAND [1463535478] SCHEDULE_HOST_SVC_DOWNTIME;kdctestguest99;1463535478;1463564278;1;0;28800;automation;Patching\n']
2016-05-17 21:37:58,923 - ng_sat5_patch - INFO - reading livestatus results
2016-05-17 21:38:02,941 - ng_sat5_patch - DEBUG - empty message returned from livestatus
2016-05-17 21:47:53,154 - ng_sat5_patch - INFO - Disabling notifications for host(s): ['kdctestguest99']
2016-05-17 21:47:53,154 - ng_sat5_patch - DEBUG - CMK set downtime message: ['COMMAND [1463536073] SCHEDULE_HOST_DOWNTIME;kdctestguest99;1463536073;1463564873;1;0;28800;automation;Patching\n', 'COMMAND [1463536073] SCHEDULE_HOST_SVC_DOWNTIME;kdctestguest99;1463536073;1463564873;1;0;28800;automation;Patching\n']
2016-05-17 21:47:53,167 - ng_sat5_patch - DEBUG - Sending CMK message ['COMMAND [1463536073] SCHEDULE_HOST_DOWNTIME;kdctestguest99;1463536073;1463564873;1;0;28800;automation;Patching\n', 'COMMAND [1463536073] SCHEDULE_HOST_SVC_DOWNTIME;kdctestguest99;1463536073;1463564873;1;0;28800;automation;Patching\n']
2016-05-17 21:47:53,167 - ng_sat5_patch - INFO - reading livestatus results
2016-05-17 21:47:57,198 - ng_sat5_patch - DEBUG - empty message returned from livestatus
